# JRE version: OpenJDK Runtime Environment (8.0_112-b06) (build 1.8.0_112-release-b06)
# Java VM: OpenJDK 64-Bit Server VM (25.112-b06 mixed mode linux-amd64 compressed oops)
Heap:
 PSYoungGen      total 349696K, used 175104K [0x00000000e0000000, 0x0000000100000000, 0x0000000100000000)
  eden space 175104K, 100% used [0x00000000e0000000,0x00000000eab00000,0x00000000eab00000)
  from space 174592K, 0% used [0x00000000f5580000,0x00000000f5580000,0x0000000100000000)
  to   space 174592K, 0% used [0x00000000eab00000,0x00000000eab00000,0x00000000f5580000)
 ParOldGen       total 1048576K, used 1018010K [0x00000000a0000000, 0x00000000e0000000, 0x00000000e0000000)
  object space 1048576K, 97% used [0x00000000a0000000,0x00000000de226b10,0x00000000e0000000)
 Metaspace       used 83910K, capacity 87751K, committed 89304K, reserved 1126400K
  class space    used 10507K, capacity 11091K, committed 11520K, reserved 1048576K
GC Heap History (10 events):
Event: 2422.526 GC heap after
Heap after GC invocations=91 (full 27):
 PSYoungGen      total 349696K, used 0K [0x00000000e0000000, 0x0000000100000000, 0x0000000100000000)
  eden space 175104K, 0% used [0x00000000e0000000,0x00000000e0000000,0x00000000eab00000)
  from space 174592K, 0% used [0x00000000f5580000,0x00000000f5580000,0x0000000100000000)
  to   space 174592K, 0% used [0x00000000eab00000,0x00000000eab00000,0x00000000f5580000)
 ParOldGen       total 1048576K, used 1038339K [0x00000000a0000000, 0x00000000e0000000, 0x00000000e0000000)
  object space 1048576K, 99% used [0x00000000a0000000,0x00000000df600f58,0x00000000e0000000)
 Metaspace       used 83902K, capacity 87751K, committed 89304K, reserved 1126400K
  class space    used 10506K, capacity 11091K, committed 11520K, reserved 1048576K
}
Event: 2422.844 GC heap before
{Heap before GC invocations=92 (full 28):
 PSYoungGen      total 349696K, used 175104K [0x00000000e0000000, 0x0000000100000000, 0x0000000100000000)
  eden space 175104K, 100% used [0x00000000e0000000,0x00000000eab00000,0x00000000eab00000)
  from space 174592K, 0% used [0x00000000f5580000,0x00000000f5580000,0x0000000100000000)
  to   space 174592K, 0% used [0x00000000eab00000,0x00000000eab00000,0x00000000f5580000)
 ParOldGen       total 1048576K, used 1038339K [0x00000000a0000000, 0x00000000e0000000, 0x00000000e0000000)
  object space 1048576K, 99% used [0x00000000a0000000,0x00000000df600f58,0x00000000e0000000)
 Metaspace       used 83902K, capacity 87751K, committed 89304K, reserved 1126400K
  class space    used 10506K, capacity 11091K, committed 11520K, reserved 1048576K
Event: 2424.426 GC heap after
Heap after GC invocations=92 (full 28):
 PSYoungGen      total 349696K, used 0K [0x00000000e0000000, 0x0000000100000000, 0x0000000100000000)
  eden space 175104K, 0% used [0x00000000e0000000,0x00000000e0000000,0x00000000eab00000)
  from space 174592K, 0% used [0x00000000f5580000,0x00000000f5580000,0x0000000100000000)
  to   space 174592K, 0% used [0x00000000eab00000,0x00000000eab00000,0x00000000f5580000)
 ParOldGen       total 1048576K, used 1033795K [0x00000000a0000000, 0x00000000e0000000, 0x00000000e0000000)
  object space 1048576K, 98% used [0x00000000a0000000,0x00000000df190e00,0x00000000e0000000)
 Metaspace       used 83902K, capacity 87751K, committed 89304K, reserved 1126400K
  class space    used 10506K, capacity 11091K, committed 11520K, reserved 1048576K
}
Event: 2424.728 GC heap before
{Heap before GC invocations=93 (full 29):
 PSYoungGen      total 349696K, used 175104K [0x00000000e0000000, 0x0000000100000000, 0x0000000100000000)
  eden space 175104K, 100% used [0x00000000e0000000,0x00000000eab00000,0x00000000eab00000)
  from space 174592K, 0% used [0x00000000f5580000,0x00000000f5580000,0x0000000100000000)
  to   space 174592K, 0% used [0x00000000eab00000,0x00000000eab00000,0x00000000f5580000)
 ParOldGen       total 1048576K, used 1033795K [0x00000000a0000000, 0x00000000e0000000, 0x00000000e0000000)
  object space 1048576K, 98% used [0x00000000a0000000,0x00000000df190e00,0x00000000e0000000)
 Metaspace       used 83904K, capacity 87751K, committed 89304K, reserved 1126400K
  class space    used 10507K, capacity 11091K, committed 11520K, reserved 1048576K
Event: 2426.423 GC heap after
Heap after GC invocations=93 (full 29):
 PSYoungGen      total 349696K, used 0K [0x00000000e0000000, 0x0000000100000000, 0x0000000100000000)
  eden space 175104K, 0% used [0x00000000e0000000,0x00000000e0000000,0x00000000eab00000)
  from space 174592K, 0% used [0x00000000f5580000,0x00000000f5580000,0x0000000100000000)
  to   space 174592K, 0% used [0x00000000eab00000,0x00000000eab00000,0x00000000f5580000)
 ParOldGen       total 1048576K, used 1028165K [0x00000000a0000000, 0x00000000e0000000, 0x00000000e0000000)
  object space 1048576K, 98% used [0x00000000a0000000,0x00000000dec11718,0x00000000e0000000)
 Metaspace       used 83904K, capacity 87751K, committed 89304K, reserved 1126400K
  class space    used 10507K, capacity 11091K, committed 11520K, reserved 1048576K
}
Event: 2426.727 GC heap before
{Heap before GC invocations=94 (full 30):
 PSYoungGen      total 349696K, used 175104K [0x00000000e0000000, 0x0000000100000000, 0x0000000100000000)
  eden space 175104K, 100% used [0x00000000e0000000,0x00000000eab00000,0x00000000eab00000)
  from space 174592K, 0% used [0x00000000f5580000,0x00000000f5580000,0x0000000100000000)
  to   space 174592K, 0% used [0x00000000eab00000,0x00000000eab00000,0x00000000f5580000)
 ParOldGen       total 1048576K, used 1028165K [0x00000000a0000000, 0x00000000e0000000, 0x00000000e0000000)
  object space 1048576K, 98% used [0x00000000a0000000,0x00000000dec11718,0x00000000e0000000)
 Metaspace       used 83907K, capacity 87751K, committed 89304K, reserved 1126400K
  class space    used 10507K, capacity 11091K, committed 11520K, reserved 1048576K
Event: 2428.652 GC heap after
Heap after GC invocations=94 (full 30):
 PSYoungGen      total 349696K, used 0K [0x00000000e0000000, 0x0000000100000000, 0x0000000100000000)
  eden space 175104K, 0% used [0x00000000e0000000,0x00000000e0000000,0x00000000eab00000)
  from space 174592K, 0% used [0x00000000f5580000,0x00000000f5580000,0x0000000100000000)
  to   space 174592K, 0% used [0x00000000eab00000,0x00000000eab00000,0x00000000f5580000)
 ParOldGen       total 1048576K, used 1022810K [0x00000000a0000000, 0x00000000e0000000, 0x00000000e0000000)
  object space 1048576K, 97% used [0x00000000a0000000,0x00000000de6d6ac0,0x00000000e0000000)
 Metaspace       used 83907K, capacity 87751K, committed 89304K, reserved 1126400K
  class space    used 10507K, capacity 11091K, committed 11520K, reserved 1048576K
}
Event: 2429.208 GC heap before
{Heap before GC invocations=95 (full 31):
 PSYoungGen      total 349696K, used 175104K [0x00000000e0000000, 0x0000000100000000, 0x0000000100000000)
  eden space 175104K, 100% used [0x00000000e0000000,0x00000000eab00000,0x00000000eab00000)
  from space 174592K, 0% used [0x00000000f5580000,0x00000000f5580000,0x0000000100000000)
  to   space 174592K, 0% used [0x00000000eab00000,0x00000000eab00000,0x00000000f5580000)
 ParOldGen       total 1048576K, used 1022810K [0x00000000a0000000, 0x00000000e0000000, 0x00000000e0000000)
  object space 1048576K, 97% used [0x00000000a0000000,0x00000000de6d6ac0,0x00000000e0000000)
 Metaspace       used 83907K, capacity 87751K, committed 89304K, reserved 1126400K
  class space    used 10507K, capacity 11091K, committed 11520K, reserved 1048576K
Event: 2432.910 GC heap after
Heap after GC invocations=95 (full 31):
 PSYoungGen      total 349696K, used 0K [0x00000000e0000000, 0x0000000100000000, 0x0000000100000000)
  eden space 175104K, 0% used [0x00000000e0000000,0x00000000e0000000,0x00000000eab00000)
  from space 174592K, 0% used [0x00000000f5580000,0x00000000f5580000,0x0000000100000000)
  to   space 174592K, 0% used [0x00000000eab00000,0x00000000eab00000,0x00000000f5580000)
 ParOldGen       total 1048576K, used 1018010K [0x00000000a0000000, 0x00000000e0000000, 0x00000000e0000000)
  object space 1048576K, 97% used [0x00000000a0000000,0x00000000de226b10,0x00000000e0000000)
 Metaspace       used 83907K, capacity 87751K, committed 89304K, reserved 1126400K
  class space    used 10507K, capacity 11091K, committed 11520K, reserved 1048576K
}
Event: 2433.432 GC heap before
{Heap before GC invocations=96 (full 32):
 PSYoungGen      total 349696K, used 175104K [0x00000000e0000000, 0x0000000100000000, 0x0000000100000000)
  eden space 175104K, 100% used [0x00000000e0000000,0x00000000eab00000,0x00000000eab00000)
  from space 174592K, 0% used [0x00000000f5580000,0x00000000f5580000,0x0000000100000000)
  to   space 174592K, 0% used [0x00000000eab00000,0x00000000eab00000,0x00000000f5580000)
 ParOldGen       total 1048576K, used 1018010K [0x00000000a0000000, 0x00000000e0000000, 0x00000000e0000000)
  object space 1048576K, 97% used [0x00000000a0000000,0x00000000de226b10,0x00000000e0000000)
 Metaspace       used 83910K, capacity 87751K, committed 89304K, reserved 1126400K
  class space    used 10507K, capacity 11091K, committed 11520K, reserved 1048576K

